2025-03-10 01:29:06,792 - INFO - 初始化游戏...
2025-03-10 01:29:06,831 - INFO - 游戏开始运行...
2025-03-10 01:29:06,833 - INFO - 游戏加载成功！
2025-03-10 01:29:08,100 - INFO - 显示结局: ending5
2025-03-10 01:29:08,100 - DEBUG - 结局对话: ['当晨光真正照亮房间时，你发现早餐桌上的牛奶盒印着『第214次循环』字样。', '{character_name}正在厨房烤面包，烤箱里传出你们初次相遇那天的对话录音']
2025-03-10 01:29:09,103 - INFO - 游戏已保存！
2025-03-10 01:29:11,692 - INFO - 重置游戏状态...
2025-03-10 01:29:11,696 - INFO - 游戏已保存！
2025-03-10 01:29:11,696 - INFO - 游戏开始运行...
2025-03-10 01:29:11,698 - INFO - 游戏加载成功！
2025-03-10 01:29:12,775 - INFO - 显示剧情: chapter1
2025-03-10 01:29:14,276 - INFO - 显示选择菜单: chapter1
2025-03-10 01:29:15,051 - INFO - 处理玩家选择: 伸手触碰她的光点
2025-03-10 01:29:15,051 - INFO - 显示剧情: chapter2
2025-03-10 01:29:15,554 - INFO - 显示选择菜单: chapter2
2025-03-10 01:29:16,348 - INFO - 处理玩家选择: 轻声说'这里好美'
2025-03-10 01:29:16,349 - INFO - 显示剧情: chapter4
2025-03-10 01:29:16,850 - INFO - 显示选择菜单: chapter4
2025-03-10 01:29:17,552 - INFO - 处理玩家选择: 握住她发光的手腕说'我们是不是在哪里见过？'
2025-03-10 01:29:17,552 - INFO - 显示剧情: chapter7
2025-03-10 01:29:18,054 - INFO - 显示选择菜单: chapter7
2025-03-10 01:29:19,698 - INFO - 处理玩家选择: 将匕首刺入自己的心脏
2025-03-10 01:29:19,698 - INFO - 显示结局: ending1
2025-03-10 01:29:19,699 - DEBUG - 结局对话: ['当双月完全重叠时，你看见所有时空的{character_name}同时浮现。她们将月牙戒指套在你无名指上，十二柄断剑从虚空中坠落，剑柄皆镌刻着你的名字。', '{character_name}的身体开始透明化，她将你们初遇时的枫叶标本塞进你手中：『这次换我等你跨越三千个轮回』']
2025-03-10 01:29:20,708 - INFO - 游戏已保存！
2025-03-10 01:29:21,754 - INFO - 游戏结束，用户选择退出。
